mode: atomic
fast/middleware/cors/cors.go:5.25,6.33 1 0
fast/middleware/cors/cors.go:6.33,11.39 4 0
fast/middleware/cors/cors.go:11.39,13.4 1 0
fast/middleware/cors/cors.go:15.3,15.18 1 0
fast/middleware/recovery/recovery.go:9.25,10.33 1 0
fast/middleware/recovery/recovery.go:10.33,11.16 1 0
fast/middleware/recovery/recovery.go:11.16,12.36 1 0
fast/middleware/recovery/recovery.go:12.36,15.5 2 0
fast/middleware/recovery/recovery.go:18.3,18.18 1 0
fast/cmd/main.go:12.13,23.45 4 0
fast/cmd/main.go:23.45,25.3 1 0
fast/cmd/main.go:27.2,28.16 2 0
fast/cmd/main.go:28.16,30.3 1 0
fast/middleware/compress/compress.go:11.25,12.33 1 0
fast/middleware/compress/compress.go:12.33,13.34 1 0
fast/middleware/compress/compress.go:13.34,15.4 1 0
fast/middleware/compress/compress.go:17.3,18.25 2 0
fast/middleware/compress/compress.go:18.25,24.18 5 0
fast/middleware/compress/compress.go:24.18,27.5 2 0
fast/middleware/compress/compress.go:29.4,29.36 1 0
fast/middleware/compress/compress.go:29.36,32.5 2 0
fast/middleware/compress/compress.go:34.4,40.26 3 0
fast/middleware/compress/compress.go:43.3,43.13 1 0
fast/app.go:31.25,32.24 1 4
fast/app.go:32.24,34.3 1 1
fast/app.go:36.2,40.3 1 4
fast/app.go:44.43,46.16 2 4
fast/app.go:46.16,48.3 1 0
fast/app.go:50.2,53.12 4 4
fast/app.go:56.37,57.6 1 4
fast/app.go:57.6,58.10 1 30
fast/app.go:59.19,62.10 2 0
fast/app.go:63.11,65.18 2 30
fast/app.go:65.18,69.5 3 2
fast/app.go:71.4,71.33 1 26
fast/app.go:76.49,77.15 1 26
fast/app.go:77.15,80.3 2 0
fast/app.go:82.2,82.6 1 26
fast/app.go:82.6,84.17 2 78873
fast/app.go:84.17,87.4 2 0
fast/app.go:89.3,90.17 2 78872
fast/app.go:90.17,92.71 1 0
fast/app.go:92.71,95.5 2 0
fast/app.go:97.4,98.10 2 0
fast/app.go:101.3,101.29 1 78848
fast/app.go:101.29,103.12 2 78821
fast/app.go:106.3,107.17 2 27
fast/app.go:107.17,110.4 2 0
fast/app.go:112.3,114.17 3 27
fast/app.go:114.17,117.4 2 0
fast/app.go:119.3,119.35 1 27
fast/app.go:119.35,120.12 1 27
fast/app.go:121.9,123.4 1 0
fast/app.go:127.52,129.2 1 53
fast/app.go:131.67,132.50 1 27
fast/app.go:132.50,133.52 1 27
fast/app.go:133.52,143.37 3 26
fast/app.go:143.37,145.5 1 0
fast/app.go:147.4,147.36 1 26
fast/app.go:147.36,149.5 1 26
fast/app.go:151.4,151.33 1 26
fast/app.go:155.2,155.61 1 1
fast/app.go:158.63,161.6 3 78864
fast/app.go:161.6,163.34 2 78846
fast/app.go:163.34,165.9 2 78815
fast/app.go:167.3,167.60 1 27
fast/app.go:167.60,170.4 2 0
fast/app.go:172.3,174.54 2 27
fast/app.go:174.54,175.9 1 27
fast/app.go:179.2,179.25 1 78842
fast/app.go:182.62,184.2 1 10
fast/app.go:186.70,189.2 2 10
fast/app.go:191.68,192.24 1 10
fast/app.go:192.24,194.3 1 0
fast/app.go:196.2,196.16 1 10
fast/app.go:196.16,198.3 1 0
fast/app.go:200.2,200.20 1 10
fast/app.go:200.20,202.3 1 0
fast/app.go:204.2,204.41 1 10
fast/app.go:207.75,208.31 1 10
fast/app.go:208.31,210.3 1 4
fast/app.go:212.2,212.37 1 10
fast/app.go:215.41,217.2 1 4
fast/app.go:219.34,222.2 2 3
fast/ctx.go:15.38,17.2 1 2
fast/ctx.go:19.45,22.2 2 25
fast/ctx.go:24.36,26.2 1 35
fast/ctx.go:28.31,30.2 1 2
fast/ctx.go:32.33,34.2 1 2
fast/ctx.go:36.44,39.2 2 0
fast/ctx.go:41.39,44.2 2 1
fast/ctx.go:46.28,48.34 2 34
fast/ctx.go:48.34,49.53 1 0
fast/ctx.go:52.2,52.31 1 34
fast/ctx.go:55.36,57.16 2 1
fast/ctx.go:57.16,59.3 1 0
fast/ctx.go:61.2,62.12 2 1
fast/http.go:18.51,20.20 2 27
fast/http.go:20.20,22.3 1 0
fast/http.go:25.2,26.30 2 27
fast/http.go:26.30,28.3 1 0
fast/http.go:30.2,38.33 2 27
fast/http.go:38.33,39.17 1 108
fast/http.go:39.17,40.9 1 27
fast/http.go:42.3,43.28 2 81
fast/http.go:43.28,45.4 1 81
fast/http.go:49.2,50.17 2 27
fast/http.go:53.48,55.9 2 53
fast/http.go:55.9,57.3 1 53
fast/http.go:59.2,59.14 1 0
fast/http.go:62.46,64.2 1 0
fast/http.go:72.84,73.20 1 27
fast/http.go:73.20,75.3 1 27
fast/http.go:77.2,82.10 3 27
fast/http.go:85.37,89.19 3 27
fast/http.go:89.19,91.3 1 27
fast/http.go:93.2,94.22 2 27
fast/http.go:94.22,95.37 1 27
fast/http.go:95.37,97.4 1 62
fast/http.go:100.2,100.53 1 27
fast/http.go:103.37,105.2 1 2
fast/http.go:107.41,110.2 2 55
fast/http.go:112.47,115.2 2 25
fast/http.go:117.49,119.2 1 90
fast/http.go:121.33,122.23 1 25
fast/http.go:122.23,124.3 1 0
fast/http.go:127.42,129.2 1 1
fast/cmd/main.go:12.13,23.45 4 0
fast/cmd/main.go:23.45,25.3 1 0
fast/cmd/main.go:27.2,28.16 2 0
fast/cmd/main.go:28.16,30.3 1 0
fast/middleware/compress/compress.go:11.25,12.33 1 2
fast/middleware/compress/compress.go:12.33,13.34 1 3
fast/middleware/compress/compress.go:13.34,15.4 1 0
fast/middleware/compress/compress.go:17.3,18.25 2 2
fast/middleware/compress/compress.go:18.25,24.18 5 2
fast/middleware/compress/compress.go:24.18,27.5 2 0
fast/middleware/compress/compress.go:29.4,29.36 1 2
fast/middleware/compress/compress.go:29.36,32.5 2 0
fast/middleware/compress/compress.go:34.4,40.26 3 2
fast/middleware/compress/compress.go:43.3,43.13 1 2
fast/middleware/cors/cors.go:5.25,6.33 1 1
fast/middleware/cors/cors.go:6.33,11.39 4 2
fast/middleware/cors/cors.go:11.39,13.4 1 0
fast/middleware/cors/cors.go:15.3,15.18 1 2
fast/middleware/recovery/recovery.go:9.25,10.33 1 1
fast/middleware/recovery/recovery.go:10.33,11.16 1 2
fast/middleware/recovery/recovery.go:11.16,12.36 1 2
fast/middleware/recovery/recovery.go:12.36,15.5 2 1
fast/middleware/recovery/recovery.go:18.3,18.18 1 2
fast/app.go:31.25,32.24 1 0
fast/app.go:32.24,34.3 1 0
fast/app.go:36.2,40.3 1 0
fast/app.go:44.43,46.16 2 0
fast/app.go:46.16,48.3 1 0
fast/app.go:50.2,53.12 4 0
fast/app.go:56.37,57.6 1 0
fast/app.go:57.6,58.10 1 0
fast/app.go:59.19,62.10 2 0
fast/app.go:63.11,65.18 2 0
fast/app.go:65.18,69.5 3 0
fast/app.go:71.4,71.33 1 0
fast/app.go:76.49,77.15 1 0
fast/app.go:77.15,80.3 2 0
fast/app.go:82.2,82.6 1 0
fast/app.go:82.6,84.17 2 0
fast/app.go:84.17,87.4 2 0
fast/app.go:89.3,90.17 2 0
fast/app.go:90.17,92.71 1 0
fast/app.go:92.71,95.5 2 0
fast/app.go:97.4,98.10 2 0
fast/app.go:101.3,101.29 1 0
fast/app.go:101.29,103.12 2 0
fast/app.go:106.3,107.17 2 0
fast/app.go:107.17,110.4 2 0
fast/app.go:112.3,114.17 3 0
fast/app.go:114.17,117.4 2 0
fast/app.go:119.3,119.35 1 0
fast/app.go:119.35,120.12 1 0
fast/app.go:121.9,123.4 1 0
fast/app.go:127.52,129.2 1 0
fast/app.go:131.67,132.50 1 0
fast/app.go:132.50,133.52 1 0
fast/app.go:133.52,143.37 3 0
fast/app.go:143.37,145.5 1 0
fast/app.go:147.4,147.36 1 0
fast/app.go:147.36,149.5 1 0
fast/app.go:151.4,151.33 1 0
fast/app.go:155.2,155.61 1 0
fast/app.go:158.63,161.6 3 0
fast/app.go:161.6,163.34 2 0
fast/app.go:163.34,165.9 2 0
fast/app.go:167.3,167.60 1 0
fast/app.go:167.60,170.4 2 0
fast/app.go:172.3,174.54 2 0
fast/app.go:174.54,175.9 1 0
fast/app.go:179.2,179.25 1 0
fast/app.go:182.62,184.2 1 0
fast/app.go:186.70,189.2 2 0
fast/app.go:191.68,192.24 1 0
fast/app.go:192.24,194.3 1 0
fast/app.go:196.2,196.16 1 0
fast/app.go:196.16,198.3 1 0
fast/app.go:200.2,200.20 1 0
fast/app.go:200.20,202.3 1 0
fast/app.go:204.2,204.41 1 0
fast/app.go:207.75,208.31 1 0
fast/app.go:208.31,210.3 1 0
fast/app.go:212.2,212.37 1 0
fast/app.go:215.41,217.2 1 0
fast/app.go:219.34,222.2 2 0
fast/ctx.go:15.38,17.2 1 0
fast/ctx.go:19.45,22.2 2 0
fast/ctx.go:24.36,26.2 1 0
fast/ctx.go:28.31,30.2 1 0
fast/ctx.go:32.33,34.2 1 0
fast/ctx.go:36.44,39.2 2 0
fast/ctx.go:41.39,44.2 2 0
fast/ctx.go:46.28,48.34 2 0
fast/ctx.go:48.34,49.53 1 0
fast/ctx.go:52.2,52.31 1 0
fast/ctx.go:55.36,57.16 2 0
fast/ctx.go:57.16,59.3 1 0
fast/ctx.go:61.2,62.12 2 0
fast/http.go:18.51,20.20 2 1
fast/http.go:20.20,22.3 1 0
fast/http.go:25.2,26.30 2 1
fast/http.go:26.30,28.3 1 0
fast/http.go:30.2,38.33 2 1
fast/http.go:38.33,39.17 1 4
fast/http.go:39.17,40.9 1 1
fast/http.go:42.3,43.28 2 3
fast/http.go:43.28,45.4 1 3
fast/http.go:49.2,50.17 2 1
fast/http.go:53.48,55.9 2 3
fast/http.go:55.9,57.3 1 0
fast/http.go:59.2,59.14 1 3
fast/http.go:62.46,64.2 1 0
fast/http.go:72.84,73.20 1 0
fast/http.go:73.20,75.3 1 0
fast/http.go:77.2,82.10 3 0
fast/http.go:85.37,89.19 3 0
fast/http.go:89.19,91.3 1 0
fast/http.go:93.2,94.22 2 0
fast/http.go:94.22,95.37 1 0
fast/http.go:95.37,97.4 1 0
fast/http.go:100.2,100.53 1 0
fast/http.go:103.37,105.2 1 0
fast/http.go:107.41,110.2 2 0
fast/http.go:112.47,115.2 2 0
fast/http.go:117.49,119.2 1 0
fast/http.go:121.33,122.23 1 0
fast/http.go:122.23,124.3 1 0
fast/http.go:127.42,129.2 1 0
fast/cmd/main.go:12.13,23.45 4 0
fast/cmd/main.go:23.45,25.3 1 0
fast/cmd/main.go:27.2,28.16 2 0
fast/cmd/main.go:28.16,30.3 1 0
fast/middleware/compress/compress.go:11.25,12.33 1 0
fast/middleware/compress/compress.go:12.33,13.34 1 0
fast/middleware/compress/compress.go:13.34,15.4 1 0
fast/middleware/compress/compress.go:17.3,18.25 2 0
fast/middleware/compress/compress.go:18.25,24.18 5 0
fast/middleware/compress/compress.go:24.18,27.5 2 0
fast/middleware/compress/compress.go:29.4,29.36 1 0
fast/middleware/compress/compress.go:29.36,32.5 2 0
fast/middleware/compress/compress.go:34.4,40.26 3 0
fast/middleware/compress/compress.go:43.3,43.13 1 0
fast/middleware/cors/cors.go:5.25,6.33 1 0
fast/middleware/cors/cors.go:6.33,11.39 4 0
fast/middleware/cors/cors.go:11.39,13.4 1 0
fast/middleware/cors/cors.go:15.3,15.18 1 0
fast/middleware/recovery/recovery.go:9.25,10.33 1 0
fast/middleware/recovery/recovery.go:10.33,11.16 1 0
fast/middleware/recovery/recovery.go:11.16,12.36 1 0
fast/middleware/recovery/recovery.go:12.36,15.5 2 0
fast/middleware/recovery/recovery.go:18.3,18.18 1 0
