mode: atomic
http_from_scratch/cmd/main.go:9.13,14.16 4 0
http_from_scratch/cmd/main.go:14.16,16.3 1 0
http_from_scratch/server.go:19.37,23.2 1 1
http_from_scratch/server.go:25.32,27.16 2 1
http_from_scratch/server.go:27.16,29.3 1 0
http_from_scratch/server.go:31.2,33.12 3 1
http_from_scratch/server.go:36.38,37.6 1 1
http_from_scratch/server.go:37.6,39.17 2 30
http_from_scratch/server.go:39.17,43.4 3 0
http_from_scratch/server.go:45.3,45.30 1 29
http_from_scratch/server.go:49.50,51.16 2 29
http_from_scratch/server.go:51.16,53.3 1 0
http_from_scratch/server.go:55.2,58.36 3 29
http_from_scratch/server.go:58.36,61.17 3 29
http_from_scratch/server.go:61.17,63.4 1 0
http_from_scratch/server.go:66.2,67.16 2 5
http_from_scratch/server.go:67.16,69.3 1 0
http_from_scratch/server.go:72.66,73.15 1 29
http_from_scratch/server.go:73.15,74.31 1 29
http_from_scratch/server.go:74.31,80.4 3 0
http_from_scratch/server.go:83.2,84.16 2 29
http_from_scratch/server.go:84.16,90.3 3 1
http_from_scratch/server.go:92.2,92.31 1 28
http_from_scratch/server.go:92.31,97.3 2 21
http_from_scratch/server.go:99.2,99.53 1 7
http_from_scratch/server.go:99.53,112.3 4 5
http_from_scratch/server.go:114.2,114.58 1 2
http_from_scratch/server.go:114.58,116.25 2 1
http_from_scratch/server.go:116.25,127.4 2 1
http_from_scratch/server.go:130.2,133.23 2 1
http_from_scratch/server.go:136.74,138.6 2 29
http_from_scratch/server.go:138.6,140.34 2 58
http_from_scratch/server.go:140.34,145.4 3 5
http_from_scratch/server.go:146.3,146.17 1 29
http_from_scratch/server.go:146.17,151.4 3 0
http_from_scratch/server.go:153.3,156.31 3 29
http_from_scratch/types.go:17.50,19.20 2 29
http_from_scratch/types.go:19.20,21.3 1 0
http_from_scratch/types.go:24.2,25.30 2 29
http_from_scratch/types.go:25.30,27.3 1 1
http_from_scratch/types.go:29.2,37.33 2 28
http_from_scratch/types.go:37.33,38.17 1 111
http_from_scratch/types.go:38.17,39.9 1 28
http_from_scratch/types.go:41.3,42.28 2 83
http_from_scratch/types.go:42.28,44.4 1 83
http_from_scratch/types.go:48.2,49.17 2 28
http_from_scratch/types.go:52.48,54.9 2 1
http_from_scratch/types.go:54.9,56.3 1 0
http_from_scratch/types.go:58.2,58.14 1 1
http_from_scratch/types.go:67.37,71.22 3 29
http_from_scratch/types.go:71.22,72.37 1 6
http_from_scratch/types.go:72.37,74.4 1 12
http_from_scratch/types.go:77.2,78.19 2 29
http_from_scratch/types.go:78.19,80.3 1 6
http_from_scratch/types.go:82.2,82.53 1 29
http_from_scratch/cmd/main.go:9.13,14.16 4 0
http_from_scratch/cmd/main.go:14.16,16.3 1 0
http_from_scratch/server.go:19.37,23.2 1 0
http_from_scratch/server.go:25.32,27.16 2 0
http_from_scratch/server.go:27.16,29.3 1 0
http_from_scratch/server.go:31.2,33.12 3 0
http_from_scratch/server.go:36.38,37.6 1 0
http_from_scratch/server.go:37.6,39.17 2 0
http_from_scratch/server.go:39.17,43.4 3 0
http_from_scratch/server.go:45.3,45.30 1 0
http_from_scratch/server.go:49.50,51.16 2 0
http_from_scratch/server.go:51.16,53.3 1 0
http_from_scratch/server.go:55.2,58.36 3 0
http_from_scratch/server.go:58.36,61.17 3 0
http_from_scratch/server.go:61.17,63.4 1 0
http_from_scratch/server.go:66.2,67.16 2 0
http_from_scratch/server.go:67.16,69.3 1 0
http_from_scratch/server.go:72.66,73.15 1 0
http_from_scratch/server.go:73.15,74.31 1 0
http_from_scratch/server.go:74.31,80.4 3 0
http_from_scratch/server.go:83.2,84.16 2 0
http_from_scratch/server.go:84.16,90.3 3 0
http_from_scratch/server.go:92.2,92.31 1 0
http_from_scratch/server.go:92.31,97.3 2 0
http_from_scratch/server.go:99.2,99.53 1 0
http_from_scratch/server.go:99.53,112.3 4 0
http_from_scratch/server.go:114.2,114.58 1 0
http_from_scratch/server.go:114.58,116.25 2 0
http_from_scratch/server.go:116.25,127.4 2 0
http_from_scratch/server.go:130.2,133.23 2 0
http_from_scratch/server.go:136.74,138.6 2 0
http_from_scratch/server.go:138.6,140.34 2 0
http_from_scratch/server.go:140.34,145.4 3 0
http_from_scratch/server.go:146.3,146.17 1 0
http_from_scratch/server.go:146.17,151.4 3 0
http_from_scratch/server.go:153.3,156.31 3 0
http_from_scratch/types.go:17.50,19.20 2 1
http_from_scratch/types.go:19.20,21.3 1 0
http_from_scratch/types.go:24.2,25.30 2 1
http_from_scratch/types.go:25.30,27.3 1 0
http_from_scratch/types.go:29.2,37.33 2 1
http_from_scratch/types.go:37.33,38.17 1 4
http_from_scratch/types.go:38.17,39.9 1 1
http_from_scratch/types.go:41.3,42.28 2 3
http_from_scratch/types.go:42.28,44.4 1 3
http_from_scratch/types.go:48.2,49.17 2 1
http_from_scratch/types.go:52.48,54.9 2 3
http_from_scratch/types.go:54.9,56.3 1 0
http_from_scratch/types.go:58.2,58.14 1 3
http_from_scratch/types.go:67.37,71.22 3 0
http_from_scratch/types.go:71.22,72.37 1 0
http_from_scratch/types.go:72.37,74.4 1 0
http_from_scratch/types.go:77.2,78.19 2 0
http_from_scratch/types.go:78.19,80.3 1 0
http_from_scratch/types.go:82.2,82.53 1 0
http_from_scratch/cmd/main.go:9.13,14.16 4 0
http_from_scratch/cmd/main.go:14.16,16.3 1 0
